Arguments: 
  /home/thiago/.nvm/versions/node/v12.19.0/bin/node /usr/local/bin/yarn add fontsource-NerkoOne

PATH: 
  /home/thiago/.nvm/versions/node/v12.19.0/bin:/usr/local/sbin:/usr/local/bin:/usr/sbin:/usr/bin:/sbin:/bin:/usr/games:/usr/local/games:/snap/bin:/usr/local/go/bin:/home/thiago/work/bin

Yarn version: 
  1.22.10

Node version: 
  12.19.0

Platform: 
  linux x64

Trace: 
  Error: https://registry.yarnpkg.com/fontsource-NerkoOne: Not found
      at Request.params.callback [as _callback] (/usr/local/lib/node_modules/yarn/lib/cli.js:66988:18)
      at Request.self.callback (/usr/local/lib/node_modules/yarn/lib/cli.js:140662:22)
      at Request.emit (events.js:314:20)
      at Request.<anonymous> (/usr/local/lib/node_modules/yarn/lib/cli.js:141634:10)
      at Request.emit (events.js:314:20)
      at IncomingMessage.<anonymous> (/usr/local/lib/node_modules/yarn/lib/cli.js:141556:12)
      at Object.onceWrapper (events.js:420:28)
      at IncomingMessage.emit (events.js:326:22)
      at endReadableNT (_stream_readable.js:1223:12)
      at processTicksAndRejections (internal/process/task_queues.js:84:21)

npm manifest: 
  {
    "dependencies": {
      "fontsource-roboto": "^3.0.3"
    }
  }

yarn manifest: 
  No manifest

Lockfile: 
  # THIS IS AN AUTOGENERATED FILE. DO NOT EDIT THIS FILE DIRECTLY.
  # yarn lockfile v1
  
  
  fontsource-roboto@^3.0.3:
    version "3.0.3"
    resolved "https://registry.yarnpkg.com/fontsource-roboto/-/fontsource-roboto-3.0.3.tgz#99c312babeabce22b3e933b3edf2951d4508f4f7"
    integrity sha512-kfsC9qAP6XhwnSDAhg2lhWeaUJfLGXZh7GcLxFiz/4lXdkV2pVhWv2Xp9ES3b3BHdc9UuPrWXXLOphzHIStcOw==
